<?xml version="1.0" encoding="UTF-8"?>
<testsuite xmlns:xsi="http://www.w3.org/2001/XMLSchema-instance" xsi:noNamespaceSchemaLocation="https://maven.apache.org/surefire/maven-surefire-plugin/xsd/surefire-test-report-3.0.xsd" version="3.0" name="RunnerTest.TestRunner" time="0.056" tests="1" errors="0" skipped="0" failures="0">
  <properties>
[...]
</properties>
  <testcase name="verification chrome" classname="Try login chrome" time="0.028">
    <system-out><![CDATA[
Scenario: verification chrome    # src/test/resources/features/HK01.feature:2
Check the test first ...
  Given chrome details available # stepDef.HK01Step.chromeDetailsAvailable()
Check the test second  ...
  When chrome driver open        # stepDef.HK01Step.chromeDriverOpen()
Check the test third ...
  Then check home page           # stepDef.HK01Step.checkHomePage()
]]></system-out>
  </testcase>
</testsuite>